"D:/Unreal Engine/My Projects/UE4Jam 4.18/Content/SpringDeathBattle/GI_SpringDeathBattle.uasset" 0
"D:/Unreal Engine/My Projects/UE4Jam 4.18/Content/SpringDeathBattle/BGM/Spring_menu_v2.uasset" 1
"D:/Unreal Engine/My Projects/UE4Jam 4.18/Content/SpringDeathBattle/BGM/Spring_v2.uasset" 2
"D:/Unreal Engine/My Projects/UE4Jam 4.18/Content/Texture/Texture_Floor_Albedo.uasset" 3
"D:/Unreal Engine/My Projects/UE4Jam 4.18/Content/Texture/Texture_Floor_RMA.uasset" 4
"D:/Unreal Engine/My Projects/UE4Jam 4.18/Content/Material/Mat_Master.uasset" 5
"D:/Unreal Engine/My Projects/UE4Jam 4.18/Content/Texture/Character/Texture_doll_bear_01_Albedo.uasset" 6
"D:/Unreal Engine/My Projects/UE4Jam 4.18/Content/Texture/Character/Texture_doll_bear_01_RMA.uasset" 7
"D:/Unreal Engine/My Projects/UE4Jam 4.18/Content/Material/Character/Mat_Bear.uasset" 8
"D:/Unreal Engine/My Projects/UE4Jam 4.18/Content/SpringDeathBattle/Blueprints/DestroyedMesh/StaticMeshes/DestMesh_Bear.uasset" 9
"D:/Unreal Engine/My Projects/UE4Jam 4.18/Content/Texture/Character/Texture_doll_duck_01_Albedo.uasset" 10
"D:/Unreal Engine/My Projects/UE4Jam 4.18/Content/Texture/Character/Texture_doll_duck_01_RMA.uasset" 11
"D:/Unreal Engine/My Projects/UE4Jam 4.18/Content/Material/Character/Mat_Duck.uasset" 12
"D:/Unreal Engine/My Projects/UE4Jam 4.18/Content/SpringDeathBattle/Blueprints/DestroyedMesh/StaticMeshes/DestMesh_bird.uasset" 13
"D:/Unreal Engine/My Projects/UE4Jam 4.18/Content/Texture/Character/Texture_doll_bunny_01_Albedo.uasset" 14
"D:/Unreal Engine/My Projects/UE4Jam 4.18/Content/Texture/Character/Texture_doll_bunny_01_RMA.uasset" 15
"D:/Unreal Engine/My Projects/UE4Jam 4.18/Content/Material/Character/Mat_Bunny.uasset" 16
"D:/Unreal Engine/My Projects/UE4Jam 4.18/Content/SpringDeathBattle/Blueprints/DestroyedMesh/StaticMeshes/DestMesh_Bunny.uasset" 17
"D:/Unreal Engine/My Projects/UE4Jam 4.18/Content/Texture/Character/Texture_doll_cat_01_Albedo.uasset" 18
"D:/Unreal Engine/My Projects/UE4Jam 4.18/Content/Texture/Character/Texture_doll_cat_01_RMA.uasset" 19
"D:/Unreal Engine/My Projects/UE4Jam 4.18/Content/Material/Character/Mat_Cat.uasset" 20
"D:/Unreal Engine/My Projects/UE4Jam 4.18/Content/SpringDeathBattle/Blueprints/DestroyedMesh/StaticMeshes/DestMesh_Cat.uasset" 21
"D:/Unreal Engine/My Projects/UE4Jam 4.18/Content/Texture/Character/Texture_doll_cow_01_Albedo.uasset" 22
"D:/Unreal Engine/My Projects/UE4Jam 4.18/Content/Texture/Character/Texture_doll_cow_01_RMA.uasset" 23
"D:/Unreal Engine/My Projects/UE4Jam 4.18/Content/Material/Character/Mat_Cow.uasset" 24
"D:/Unreal Engine/My Projects/UE4Jam 4.18/Content/SpringDeathBattle/Blueprints/DestroyedMesh/StaticMeshes/DestMesh_Cow.uasset" 25
"D:/Unreal Engine/My Projects/UE4Jam 4.18/Content/Texture/Character/Texture_doll_dog_01_Albedo.uasset" 26
"D:/Unreal Engine/My Projects/UE4Jam 4.18/Content/Texture/Character/Texture_doll_dog_01_RMA.uasset" 27
"D:/Unreal Engine/My Projects/UE4Jam 4.18/Content/Material/Character/Mat_Dog.uasset" 28
"D:/Unreal Engine/My Projects/UE4Jam 4.18/Content/SpringDeathBattle/Blueprints/DestroyedMesh/StaticMeshes/DestMesh_Dog.uasset" 29
"D:/Unreal Engine/My Projects/UE4Jam 4.18/Content/Texture/Character/Texture_doll_raindeer_01_Albedo.uasset" 30
"D:/Unreal Engine/My Projects/UE4Jam 4.18/Content/Texture/Character/Texture_doll_raindeer_01_RMA.uasset" 31
"D:/Unreal Engine/My Projects/UE4Jam 4.18/Content/Material/Character/Mat_RainDeer.uasset" 32
"D:/Unreal Engine/My Projects/UE4Jam 4.18/Content/SpringDeathBattle/Blueprints/DestroyedMesh/StaticMeshes/DestMesh_doll_raindeer.uasset" 33
"D:/Unreal Engine/My Projects/UE4Jam 4.18/Content/SpringDeathBattle/Blueprints/DestroyedMesh/StaticMeshes/DestMesh_duck.uasset" 34
"D:/Unreal Engine/My Projects/UE4Jam 4.18/Content/SpringDeathBattle/NewFolder/02_-_Default.uasset" 35
"D:/Unreal Engine/My Projects/UE4Jam 4.18/Content/SpringDeathBattle/Blueprints/DestroyedMesh/StaticMeshes/DestMesh_Dummy.uasset" 36
"D:/Unreal Engine/My Projects/UE4Jam 4.18/Content/SpringDeathBattle/Blueprints/DestroyedMesh/StaticMeshes/DestMesh_fox.uasset" 37
"D:/Unreal Engine/My Projects/UE4Jam 4.18/Content/Texture/Character/Texture_doll_mouse_01_Albedo.uasset" 38
"D:/Unreal Engine/My Projects/UE4Jam 4.18/Content/Texture/Character/Texture_doll_mouse_01_RMA.uasset" 39
"D:/Unreal Engine/My Projects/UE4Jam 4.18/Content/Material/Character/Mat_Mouse.uasset" 40
"D:/Unreal Engine/My Projects/UE4Jam 4.18/Content/SpringDeathBattle/Blueprints/DestroyedMesh/StaticMeshes/DestMesh_Mouse.uasset" 41
"D:/Unreal Engine/My Projects/UE4Jam 4.18/Content/SpringDeathBattle/sfx/Boing_4.uasset" 42
"../../../Engine/Content/Functions/Engine_MaterialFunctions01/Opacity/CameraDepthFade.uasset" 43
"../../../Engine/Content/EngineMaterials/T_Default_Material_Grid_M.uasset" 44
"../../../Engine/Content/EngineMaterials/T_Default_Material_Grid_N.uasset" 45
"../../../Engine/Content/EngineMaterials/WorldGridMaterial.uasset" 46
"../../../Engine/Content/ArtTools/RenderToTexture/Meshes/S_1_Unit_Plane.uasset" 47
"../../../Engine/Content/EditorLandscapeResources/DataLayer.uasset" 48
"../../../Engine/Content/EditorMaterials/GizmoMaterial.uasset" 49
"../../../Engine/Content/EditorMaterials/MAT_Groups_Toggle.uasset" 50
"../../../Engine/Content/EditorMaterials/MAT_Groups_Visibility.uasset" 51
"../../../Engine/Content/EditorMaterials/PreviewShadowIndicator.uasset" 52
"../../../Engine/Content/EditorMaterials/PreviewShadowIndicatorMaterial.uasset" 53
"../../../Engine/Content/EditorMaterials/MatineeGroups/MAT_ColorTrack.uasset" 54
"../../../Engine/Content/EditorMaterials/MatineeGroups/MAT_Groups_Anim.uasset" 55
"../../../Engine/Content/EditorMaterials/MatineeGroups/MAT_Groups_AudioMaster.uasset" 56
"../../../Engine/Content/EditorMaterials/MatineeGroups/MAT_Groups_Director.uasset" 57
"../../../Engine/Content/EditorMaterials/MatineeGroups/MAT_Groups_Event.uasset" 58
"../../../Engine/Content/EditorMaterials/MatineeGroups/MAT_Groups_Fade.uasset" 59
"../../../Engine/Content/EditorMaterials/MatineeGroups/MAT_Groups_Float.uasset" 60
"../../../Engine/Content/EditorMaterials/MatineeGroups/MAT_Groups_Move.uasset" 61
"../../../Engine/Content/EditorMaterials/MatineeGroups/MAT_Groups_Slomo.uasset" 62
"../../../Engine/Content/EditorMaterials/MatineeGroups/MAT_Groups_Sound.uasset" 63
"../../../Engine/Content/EditorMaterials/MatineeGroups/MAT_Groups_Vector.uasset" 64
"../../../Engine/Content/EditorMaterials/ParticleSystems/PSysThumbnail_NoImage.uasset" 65
"../../../Engine/Content/EditorMaterials/ParticleSystems/PSysThumbnail_OOD.uasset" 66
"../../../Engine/Content/EditorMaterials/Camera/CineMat.uasset" 67
"../../../Engine/Content/EditorMaterials/Camera/MI_CineMat_Rig.uasset" 68
"../../../Engine/Content/EditorMeshes/Camera/SM_CraneRig_Arm.uasset" 69
"../../../Engine/Content/EditorMeshes/Camera/SM_CraneRig_Base.uasset" 70
"../../../Engine/Content/EditorMeshes/Camera/SM_CraneRig_Body.uasset" 71
"../../../Engine/Content/EditorMeshes/Camera/SM_CraneRig_Mount.uasset" 72
"../../../Engine/Content/EditorMeshes/Camera/SM_RailRig_Mount.uasset" 73
"../../../Engine/Content/EditorMeshes/Camera/SM_RailRig_Track.uasset" 74
"../../../Engine/Content/EditorResources/BSPVertex.uasset" 75
"../../../Engine/Content/EditorResources/EmptyActor.uasset" 76
"../../../Engine/Content/EditorResources/S_Actor.uasset" 77
"../../../Engine/Content/EditorResources/S_Trigger.uasset" 78
"../../../Engine/Content/EditorResources/AudioIcons/S_AudioComponent_AutoActivate.uasset" 79
"../../../Engine/Content/EditorResources/LightIcons/S_LightError.uasset" 80
"../../../Engine/Content/EditorResources/SequenceRecorder/Countdown.uasset" 81
"../../../Engine/Content/EditorResources/SequenceRecorder/RecordingIndicator.uasset" 82
"../../../Engine/Content/EditorSounds/Notifications/CompileFailed.uasset" 83
"../../../Engine/Content/EditorSounds/Notifications/CompileFailed_Cue.uasset" 84
"../../../Engine/Content/EditorSounds/Notifications/CompileSuccess.uasset" 85
"../../../Engine/Content/EditorSounds/Notifications/CompileStart_Cue.uasset" 86
"../../../Engine/Content/EditorSounds/Notifications/CompileSuccess_Cue.uasset" 87
"../../../Engine/Content/EngineDamageTypes/DmgTypeBP_Environmental.uasset" 88
"../../../Engine/Content/EngineDebugMaterials/HeatmapGradient.uasset" 89
"../../../Engine/Content/EngineDebugMaterials/BoneWeightMaterial.uasset" 90
"../../../Engine/Content/EngineDebugMaterials/ClothMaterial.uasset" 91
"../../../Engine/Content/EngineDebugMaterials/ClothMaterial_WF.uasset" 92
"../../../Engine/Content/EngineDebugMaterials/DebugEditorMaterial.uasset" 93
"../../../Engine/Content/EngineDebugMaterials/DebugMeshMaterial.uasset" 94
"../../../Engine/Content/EngineDebugMaterials/GeomMaterial.uasset" 95
"../../../Engine/Content/EngineDebugMaterials/M_SimpleTranslucent.uasset" 96
"../../../Engine/Content/EngineFonts/Faces/RobotoBold.uasset" 97
"../../../Engine/Content/EngineFonts/Faces/RobotoBoldItalic.uasset" 98
"../../../Engine/Content/EngineFonts/Faces/RobotoItalic.uasset" 99
"../../../Engine/Content/EngineFonts/Faces/RobotoLight.uasset" 100
"../../../Engine/Content/EngineFonts/Faces/RobotoRegular.uasset" 101
"../../../Engine/Content/EngineFonts/Roboto.uasset" 102
"../../../Engine/Content/EngineFonts/Faces/RobotoTiny.uasset" 103
"../../../Engine/Content/EngineFonts/RobotoTiny.uasset" 104
"../../../Engine/Content/EngineMaterials/BaseFlattenDiffuseMap.uasset" 105
"../../../Engine/Content/EngineMaterials/BaseFlattenEmissiveMap.uasset" 106
"../../../Engine/Content/EngineMaterials/BaseFlattenGrayscaleMap.uasset" 107
"../../../Engine/Content/EngineMaterials/BaseFlattenNormalMap.uasset" 108
"../../../Engine/Content/EngineMaterials/BaseFlattenMaterial.uasset" 109
"../../../Engine/Content/EngineMaterials/DefaultBloomKernel.uasset" 110
"../../../Engine/Content/EngineMaterials/DefaultBokeh.uasset" 111
"../../../Engine/Content/EngineMaterials/DefaultDiffuse.uasset" 112
"../../../Engine/Content/EngineMaterials/DefaultDeferredDecalMaterial.uasset" 113
"../../../Engine/Content/EngineMaterials/DefaultLightFunctionMaterial.uasset" 114
"../../../Engine/Content/EngineMaterials/DefaultPhysicalMaterial.uasset" 115
"../../../Engine/Content/Functions/Engine_MaterialFunctions02/Utility/BreakOutFloat2Components.uasset" 116
"../../../Engine/Content/EngineMaterials/DefaultPostProcessMaterial.uasset" 117
"../../../Engine/Content/EngineFonts/RobotoDistanceField.uasset" 118
"../../../Engine/Content/EngineMaterials/DefaultTextMaterialOpaque.uasset" 119
"../../../Engine/Content/EngineMaterials/DefaultWhiteGrid.uasset" 120
"../../../Engine/Content/EngineMaterials/EditorBrushMaterial.uasset" 121
"../../../Engine/Content/EngineMaterials/Good64x64TilingNoiseHighFreq.uasset" 122
"../../../Engine/Content/EngineMaterials/MiniFont.uasset" 123
"../../../Engine/Content/EngineMaterials/InvalidLightmapSettings.uasset" 124
"../../../Engine/Content/EngineMaterials/M_InvalidLightmapSettings.uasset" 125
"../../../Engine/Content/Functions/Engine_MaterialFunctions02/WorldPositionOffset/CameraOffset.uasset" 126
"../../../Engine/Content/EngineMaterials/PhAT_JointLimitMaterial.uasset" 127
"../../../Engine/Content/EngineMaterials/PreintegratedSkinBRDF.uasset" 128
"../../../Engine/Content/EngineMaterials/RemoveSurfaceMaterial.uasset" 129
"../../../Engine/Content/EngineMaterials/WeightMapPlaceholderTexture.uasset" 130
"../../../Engine/Content/EngineResources/WhiteSquareTexture.uasset" 131
"../../../Engine/Content/EngineMaterials/Widget3DPassThrough.uasset" 132
"../../../Engine/Content/EngineMaterials/Widget3DPassThrough_Masked.uasset" 133
"../../../Engine/Content/EngineMaterials/Widget3DPassThrough_Opaque.uasset" 134
"../../../Engine/Content/EngineMaterials/Widget3DPassThrough_Masked_OneSided.uasset" 135
"../../../Engine/Content/EngineMaterials/Widget3DPassThrough_Opaque_OneSided.uasset" 136
"../../../Engine/Content/EngineMaterials/Widget3DPassThrough_Translucent.uasset" 137
"../../../Engine/Content/EngineMaterials/Widget3DPassThrough_Translucent_OneSided.uasset" 138
"../../../Engine/Content/EngineMeshes/Sphere.uasset" 139
"../../../Engine/Content/EngineResources/Black.uasset" 140
"../../../Engine/Content/EngineResources/DefaultTexture.uasset" 141
"../../../Engine/Content/EngineResources/DefaultTextureCube.uasset" 142
"../../../Engine/Content/EngineResources/DefaultVolumeTexture2D.uasset" 143
"../../../Engine/Content/EngineResources/DefaultVolumeTexture.uasset" 144
"../../../Engine/Content/EngineResources/GradientTexture0.uasset" 145
"../../../Engine/Content/EngineSounds/Master.uasset" 146
"../../../Engine/Content/Functions/Engine_MaterialFunctions01/Shading/ConvertFromDiffSpec.uasset" 147
"../../../Engine/Content/Functions/Engine_MaterialFunctions01/Shading/PowerToRoughness.uasset" 148
"../../../Engine/Content/Maps/Templates/Thumbnails/Default.uasset" 149
"../../../Engine/Content/Maps/Templates/Thumbnails/VR-Basic.uasset" 150
"../../../Engine/Content/MobileResources/T_MobileControls_texture.uasset" 151
"../../../Engine/Content/MobileResources/T_MobileMenu2.uasset" 152
"../../../Engine/Content/MobileResources/HUD/AnalogHat.uasset" 153
"../../../Engine/Content/MobileResources/HUD/VirtualJoystick_Background.uasset" 154
"../../../Engine/Content/MobileResources/HUD/VirtualJoystick_Thumb.uasset" 155
"../../../Engine/Content/MobileResources/HUD/DefaultVirtualJoysticks.uasset" 156
"../../../Engine/Content/MobileResources/HUD/LeftVirtualJoystickOnly.uasset" 157
"../../../Engine/Content/MobileResources/HUD/MobileHUDButton1_off.uasset" 158
"../../../Engine/Content/MobileResources/HUD/MobileHUDButton1_on.uasset" 159
"../../../Engine/Content/MobileResources/HUD/MobileHUDButton2_off.uasset" 160
"../../../Engine/Content/MobileResources/HUD/MobileHUDButton2_on.uasset" 161
"../../../Engine/Content/MobileResources/HUD/MobileHUDButton3.uasset" 162
"../../../Engine/Content/MobileResources/HUD/MobileHUDButtonFire.uasset" 163
"../../../Engine/Content/MobileResources/HUD/MobileHUDDirectionPad.uasset" 164
"../../../Engine/Content/MobileResources/HUD/MobileHUDDirectionPad2.uasset" 165
"../../../Engine/Content/MobileResources/HUD/MobileHUDDirectionPad3.uasset" 166
"../../../Engine/Content/MobileResources/HUD/MobileHUDDirectionStick.uasset" 167
"../../../Engine/Content/MobileResources/HUD/T_Castle_ThumbstickInner.uasset" 168
"../../../Engine/Content/MobileResources/HUD/T_Castle_ThumbstickOutter.uasset" 169
"../../../Engine/Content/Tutorial/ContentIntroCurve.uasset" 170
"../../../Engine/Content/Tutorial/Mobile/TutorialAssets/android_Icon.uasset" 171
"../../../Engine/Content/VREditor/LaserPointer/VR_LaserPower_01.uasset" 172
"../../../Engine/Content/VREditor/TransformGizmo/TransformGizmoMaterial.uasset" 173
"../../../Engine/Content/VREditor/TransformGizmo/TranslucentTransformGizmoMaterial.uasset" 174
"../../../Engine/Content/VREditor/TransformGizmo/BoundingBoxCorner.uasset" 175
"../../../Engine/Content/VREditor/TransformGizmo/BoundingBoxEdge.uasset" 176
"../../../Engine/Content/VREditor/TransformGizmo/PlaneTranslationHandle.uasset" 177
"../../../Engine/Content/VREditor/TransformGizmo/Main.uasset" 178
"../../../Engine/Content/VREditor/TransformGizmo/Xray.uasset" 179
"../../../Engine/Content/VREditor/TransformGizmo/SM_Sequencer_Key.uasset" 180
"../../../Engine/Content/VREditor/TransformGizmo/SM_Sequencer_Node.uasset" 181
"../../Plugins/2D/Paper2D/Content/PlaceholderTextures/DummySpriteTexture.uasset" 182
"../../Plugins/2D/Paper2D/Content/DummySprite.uasset" 183
"../../Plugins/2D/Paper2D/Content/DefaultPaperTerrainMaterial.uasset" 184
"../../Plugins/2D/Paper2D/Content/DefaultSpriteMaterial.uasset" 185
"../../Plugins/2D/Paper2D/Content/MaskedUnlitSpriteMaterial.uasset" 186
"../../Plugins/2D/Paper2D/Content/OpaqueUnlitSpriteMaterial.uasset" 187
"../../Plugins/FX/Niagara/Content/DynamicInputs/Bool/ENiagaraBooleanLogicOps.uasset" 188
"../../Plugins/FX/Niagara/Content/Functions/Localspace/ENiagaraOrientationAxis.uasset" 189
"../../Plugins/Runtime/Oculus/OculusVR/Content/Materials/PokeAHoleMaterial.uasset" 190
"../../Plugins/Runtime/Oculus/OculusVR/Content/Textures/GearVRController_AO.uasset" 191
"../../Plugins/Runtime/Oculus/OculusVR/Content/Textures/GearVRController_Color.uasset" 192
"../../Plugins/Runtime/Oculus/OculusVR/Content/Textures/GearVRController_Normal.uasset" 193
"../../Plugins/Runtime/Oculus/OculusVR/Content/Materials/GearVRControllerMaterial.uasset" 194
"../../Plugins/Runtime/Oculus/OculusVR/Content/Meshes/GearVrController.uasset" 195
"../../Plugins/Runtime/Oculus/OculusVR/Content/Textures/touchController_albedo.uasset" 196
"../../Plugins/Runtime/Oculus/OculusVR/Content/Textures/touchController_controlmap.uasset" 197
"../../Plugins/Runtime/Oculus/OculusVR/Content/Materials/touchController_mat.uasset" 198
"../../Plugins/Runtime/Oculus/OculusVR/Content/Meshes/LeftTouchController.uasset" 199
"../../Plugins/Runtime/Oculus/OculusVR/Content/Meshes/RiftHMD.uasset" 200
"../../Plugins/Runtime/Oculus/OculusVR/Content/Meshes/RightTouchController.uasset" 201
"D:/Unreal Engine/My Projects/UE4Jam 4.18/Content/Maps/Loading.umap" 202
"../../../Engine/Content/EditorBlueprintResources/StandardMacros.uasset" 203
"D:/Unreal Engine/My Projects/UE4Jam 4.18/Content/SpringDeathBattle/NewFolder/Anim_doll_skeleton_1_Skeleton.uasset" 204
"D:/Unreal Engine/My Projects/UE4Jam 4.18/Content/SpringDeathBattle/NewFolder/Anim_doll_jump_air_1_Anim.uasset" 205
"D:/Unreal Engine/My Projects/UE4Jam 4.18/Content/SpringDeathBattle/NewFolder/Anim_doll_jump_end_1_Anim.uasset" 206
"D:/Unreal Engine/My Projects/UE4Jam 4.18/Content/SpringDeathBattle/NewFolder/Anim_doll_jump_start_1_Anim.uasset" 207
"D:/Unreal Engine/My Projects/UE4Jam 4.18/Content/SpringDeathBattle/NewFolder/Anim_doll_skeleton_1_Anim.uasset" 208
"D:/Unreal Engine/My Projects/UE4Jam 4.18/Content/SpringDeathBattle/NewFolder/Anim_doll_skeleton_1_Skeleton_AnimBlueprint.uasset" 209
"D:/Unreal Engine/My Projects/UE4Jam 4.18/Content/SpringDeathBattle/Blueprints/DestroyedMesh/BP-DestMesh.uasset" 210
"../../../Engine/Content/Functions/Engine_MaterialFunctions02/HueShift.uasset" 211
"D:/Unreal Engine/My Projects/UE4Jam 4.18/Content/Texture/Blood_Decal/Texture_Blood_1.uasset" 212
"D:/Unreal Engine/My Projects/UE4Jam 4.18/Content/Texture/Blood_Decal/Mat_Decal_Master.uasset" 213
"D:/Unreal Engine/My Projects/UE4Jam 4.18/Content/Texture/Blood_Decal/Mat_Decal_Master_Inst.uasset" 214
"D:/Unreal Engine/My Projects/UE4Jam 4.18/Content/Texture/Blood_Decal/Texture_Blood_2.uasset" 215
"D:/Unreal Engine/My Projects/UE4Jam 4.18/Content/Texture/Blood_Decal/Texture_Blood_3.uasset" 216
"D:/Unreal Engine/My Projects/UE4Jam 4.18/Content/Texture/Blood_Decal/Texture_Blood_4.uasset" 217
"D:/Unreal Engine/My Projects/UE4Jam 4.18/Content/SpringDeathBattle/Decal.uasset" 218
"../../../Engine/Content/EditorBlueprintResources/ActorMacros.uasset" 219
"D:/Unreal Engine/My Projects/UE4Jam 4.18/Content/SpringDeathBattle/PS_SDB.uasset" 220
"D:/Unreal Engine/My Projects/UE4Jam 4.18/Content/SpringDeathBattle/Blueprints/Widgets/Widget-Ready.uasset" 221
"D:/Unreal Engine/My Projects/UE4Jam 4.18/Content/SpringDeathBattle/Blueprints/Widgets/Widget_SB-PlayerInfo.uasset" 222
"D:/Unreal Engine/My Projects/UE4Jam 4.18/Content/SpringDeathBattle/Blueprints/Widgets/Widget_Scoreboard.uasset" 223
"D:/Unreal Engine/My Projects/UE4Jam 4.18/Content/SpringDeathBattle/Blueprints/Widgets/Widget-HUD.uasset" 224
"D:/Unreal Engine/My Projects/UE4Jam 4.18/Content/SpringDeathBattle/PC_SpringDeathBattle.uasset" 225
"D:/Unreal Engine/My Projects/UE4Jam 4.18/Content/SpringDeathBattle/Spec_SprintDeathBattle.uasset" 226
"D:/Unreal Engine/My Projects/UE4Jam 4.18/Content/SpringDeathBattle/Blueprints/Base/GSB_SpringDeathBattle.uasset" 227
"D:/Unreal Engine/My Projects/UE4Jam 4.18/Content/SpringDeathBattle/Blueprints/DestroyedMesh/BP-DestMesh_Bunny.uasset" 228
"D:/Unreal Engine/My Projects/UE4Jam 4.18/Content/SpringDeathBattle/NewFolder/PhysicsAsset.uasset" 229
"D:/Unreal Engine/My Projects/UE4Jam 4.18/Content/SpringDeathBattle/NewFolder/Anim_doll_bunny_1.uasset" 230
"D:/Unreal Engine/My Projects/UE4Jam 4.18/Content/SpringDeathBattle/Blueprints/SpringBattleBunny.uasset" 231
"D:/Unreal Engine/My Projects/UE4Jam 4.18/Content/SpringDeathBattle/Blueprints/DestroyedMesh/BP-DestMesh_Cat.uasset" 232
"D:/Unreal Engine/My Projects/UE4Jam 4.18/Content/SpringDeathBattle/NewFolder/Anim_doll_cat_1.uasset" 233
"D:/Unreal Engine/My Projects/UE4Jam 4.18/Content/SpringDeathBattle/Blueprints/SpringBattleCat.uasset" 234
"D:/Unreal Engine/My Projects/UE4Jam 4.18/Content/SpringDeathBattle/Blueprints/DestroyedMesh/BP-DestMesh_Cow.uasset" 235
"D:/Unreal Engine/My Projects/UE4Jam 4.18/Content/SpringDeathBattle/NewFolder/Anim_doll_cow_1.uasset" 236
"D:/Unreal Engine/My Projects/UE4Jam 4.18/Content/SpringDeathBattle/Blueprints/SpringBattleCow.uasset" 237
"D:/Unreal Engine/My Projects/UE4Jam 4.18/Content/SpringDeathBattle/Blueprints/DestroyedMesh/BP-DestMesh_Dog.uasset" 238
"D:/Unreal Engine/My Projects/UE4Jam 4.18/Content/SpringDeathBattle/NewFolder/Anim_doll_dog_1.uasset" 239
"D:/Unreal Engine/My Projects/UE4Jam 4.18/Content/SpringDeathBattle/Blueprints/SpringBattleDog.uasset" 240
"D:/Unreal Engine/My Projects/UE4Jam 4.18/Content/SpringDeathBattle/Blueprints/DestroyedMesh/BP-DestMesh_Mouse.uasset" 241
"D:/Unreal Engine/My Projects/UE4Jam 4.18/Content/SpringDeathBattle/NewFolder/Anim_doll_mouse_1.uasset" 242
"D:/Unreal Engine/My Projects/UE4Jam 4.18/Content/SpringDeathBattle/Blueprints/SpringBattleMouse.uasset" 243
"D:/Unreal Engine/My Projects/UE4Jam 4.18/Content/SpringDeathBattle/HUD_SpringDeathBattle.uasset" 244
"D:/Unreal Engine/My Projects/UE4Jam 4.18/Content/SpringDeathBattle/GM_SpringDeathBattle.uasset" 245
"../../Plugins/FX/Niagara/Content/Functions/RandomRange.uasset" 246
"../../Plugins/FX/Niagara/Content/DynamicInputs/UniformRange/UniformRangedFloat.uasset" 247
"../../Plugins/FX/Niagara/Content/DynamicInputs/UniformRange/UniformRangedVector.uasset" 248
"../../Plugins/FX/Niagara/Content/DynamicInputs/ValueFromCurve/ColorFromCurve.uasset" 249
"../../Plugins/FX/Niagara/Content/Functions/DirectionAndLengthSafe.uasset" 250
"../../Plugins/FX/Niagara/Content/Functions/Rotation/AxisAngleToQuaternion.uasset" 251
"../../Plugins/FX/Niagara/Content/Functions/Rotation/MultiplyQuaternion.uasset" 252
"../../Plugins/FX/Niagara/Content/Functions/Rotation/QuaternionToAxisAngle.uasset" 253
"../../Plugins/FX/Niagara/Content/Modules/Collision/CollisionAngularImpulse.uasset" 254
"../../Plugins/FX/Niagara/Content/Functions/ProjectVectorOnPlane.uasset" 255
"../../Plugins/FX/Niagara/Content/Functions/RandomVector.uasset" 256
"../../Plugins/FX/Niagara/Content/Functions/ReflectVector.uasset" 257
"../../Plugins/FX/Niagara/Content/Modules/Collision/CollisionLinearImpulse.uasset" 258
"../../Plugins/FX/Niagara/Content/Modules/Collision/CollisionQuery.uasset" 259
"../../Plugins/FX/Niagara/Content/Functions/Emitter/EmitterChangeState.uasset" 260
"../../Plugins/FX/Niagara/Content/Modules/Emitter/EmitterLifeCycle.uasset" 261
"../../Plugins/FX/Niagara/Content/Modules/Emitter/SpawnBurst_Instantaneous.uasset" 262
"../../Plugins/FX/Niagara/Content/Modules/Emitter/SpawnRate.uasset" 263
"../../Plugins/FX/Niagara/Content/Functions/Localspace/NF_InitialParticlePosition.uasset" 264
"../../Plugins/FX/Niagara/Content/Modules/Solvers/SolveForcesAndVelocity.uasset" 265
"../../Plugins/FX/Niagara/Content/Functions/GaussianRandomVector.uasset" 266
"../../Plugins/FX/Niagara/Content/Functions/Localspace/ENiagaraCoordinateSpace.uasset" 267
"../../Plugins/FX/Niagara/Content/Functions/Localspace/NF_TransformBase.uasset" 268
"../../Plugins/FX/Niagara/Content/Functions/Localspace/NF_TransformVector.uasset" 269
"../../Plugins/FX/Niagara/Content/Modules/Spawn/Location/SphereLocation.uasset" 270
"../../Plugins/FX/Niagara/Content/Functions/Rotation/EulerToQuaternion.uasset" 271
"../../Plugins/FX/Niagara/Content/Functions/Rotation/FindQuatBetween.uasset" 272
"../../Plugins/FX/Niagara/Content/Modules/Spawn/Orientation/InitialMeshRotation.uasset" 273
"../../Plugins/FX/Niagara/Content/Functions/Localspace/NF_TransformOffset.uasset" 274
"../../Plugins/FX/Niagara/Content/Modules/Spawn/Velocity/AddVelocity.uasset" 275
"../../Plugins/FX/Niagara/Content/Modules/Update/Color/Color.uasset" 276
"../../Plugins/FX/Niagara/Content/Modules/Update/Forces/AccelerationForce.uasset" 277
"../../Plugins/FX/Niagara/Content/Modules/Update/Lifetime/UpdateAge.uasset" 278
"D:/Unreal Engine/My Projects/UE4Jam 4.18/Content/Material/Mat_Organ.uasset" 279
"D:/Unreal Engine/My Projects/UE4Jam 4.18/Content/Mesh/Organ/Mesh_Organ1.uasset" 280
"D:/Unreal Engine/My Projects/UE4Jam 4.18/Content/Particles/EmitterSpawn_Organ1.uasset" 281
"D:/Unreal Engine/My Projects/UE4Jam 4.18/Content/Mesh/Organ/Mesh_Organ2.uasset" 282
"D:/Unreal Engine/My Projects/UE4Jam 4.18/Content/Particles/EmitterSpawn_Organ2.uasset" 283
"D:/Unreal Engine/My Projects/UE4Jam 4.18/Content/Mesh/Organ/Mesh_Organ3.uasset" 284
"D:/Unreal Engine/My Projects/UE4Jam 4.18/Content/Particles/EmitterSpawn_Organ3.uasset" 285
"D:/Unreal Engine/My Projects/UE4Jam 4.18/Content/Mesh/Organ/Mesh_Organ4.uasset" 286
"D:/Unreal Engine/My Projects/UE4Jam 4.18/Content/Particles/EmitterSpawn_Organ4.uasset" 287
"D:/Unreal Engine/My Projects/UE4Jam 4.18/Content/Mesh/Organ/Mesh_Organ5.uasset" 288
"D:/Unreal Engine/My Projects/UE4Jam 4.18/Content/Particles/EmitterSpawn_Organ5.uasset" 289
"../../Plugins/FX/Niagara/Content/Functions/System/SystemChangeState.uasset" 290
"../../Plugins/FX/Niagara/Content/Modules/System/SystemLifeCycle.uasset" 291
"D:/Unreal Engine/My Projects/UE4Jam 4.18/Content/Particles/NiagaraSystem_Organs.uasset" 292
"D:/Unreal Engine/My Projects/UE4Jam 4.18/Content/SpringDeathBattle/NewFolder/material.uasset" 293
"D:/Unreal Engine/My Projects/UE4Jam 4.18/Content/SpringDeathBattle/NewFolder/Anim_doll_skeleton_1.uasset" 294
"D:/Unreal Engine/My Projects/UE4Jam 4.18/Content/SpringDeathBattle/sfx/Boing_4_Cue.uasset" 295
"D:/Unreal Engine/My Projects/UE4Jam 4.18/Content/SpringDeathBattle/sfx/Splat_1.uasset" 296
"D:/Unreal Engine/My Projects/UE4Jam 4.18/Content/SpringDeathBattle/sfx/Splat_2.uasset" 297
"D:/Unreal Engine/My Projects/UE4Jam 4.18/Content/SpringDeathBattle/sfx/Splat_3.uasset" 298
"D:/Unreal Engine/My Projects/UE4Jam 4.18/Content/SpringDeathBattle/sfx/Squelch_1.uasset" 299
"D:/Unreal Engine/My Projects/UE4Jam 4.18/Content/SpringDeathBattle/Blueprints/SpringBattleBase.uasset" 300
"D:/Unreal Engine/My Projects/UE4Jam 4.18/Content/SpringDeathBattle/Blueprints/Base/PlayerInfo.uasset" 301
"D:/Unreal Engine/My Projects/UE4Jam 4.18/Content/SpringDeathBattle/Blueprints/Base/Save_SpringDeathBattle.uasset" 302
"D:/Unreal Engine/My Projects/UE4Jam 4.18/Content/SpringDeathBattle/Blueprints/DestroyedMesh/BP-DestMesh_Bear.uasset" 303
"D:/Unreal Engine/My Projects/UE4Jam 4.18/Content/SpringDeathBattle/NewFolder/Anim_doll_bear_1.uasset" 304
"D:/Unreal Engine/My Projects/UE4Jam 4.18/Content/SpringDeathBattle/Blueprints/SpringBattleBear.uasset" 305
"D:/Unreal Engine/My Projects/UE4Jam 4.18/Content/SpringDeathBattle/Blueprints/DestroyedMesh/BP-DestMesh_Bird.uasset" 306
"D:/Unreal Engine/My Projects/UE4Jam 4.18/Content/Texture/Character/Texture_doll_bird_01_Albedo.uasset" 307
"D:/Unreal Engine/My Projects/UE4Jam 4.18/Content/Texture/Character/Texture_doll_bird_01_RMA.uasset" 308
"D:/Unreal Engine/My Projects/UE4Jam 4.18/Content/Material/Character/Mat_Bird.uasset" 309
"D:/Unreal Engine/My Projects/UE4Jam 4.18/Content/SpringDeathBattle/NewFolder/Anim_doll_bird_1.uasset" 310
"D:/Unreal Engine/My Projects/UE4Jam 4.18/Content/SpringDeathBattle/Blueprints/SpringBattleBird.uasset" 311
"D:/Unreal Engine/My Projects/UE4Jam 4.18/Content/SpringDeathBattle/Blueprints/DestroyedMesh/BP-DestMesh_Duck.uasset" 312
"D:/Unreal Engine/My Projects/UE4Jam 4.18/Content/SpringDeathBattle/NewFolder/Anim_doll_duck_1.uasset" 313
"D:/Unreal Engine/My Projects/UE4Jam 4.18/Content/SpringDeathBattle/Blueprints/SpringBattleDuck.uasset" 314
"D:/Unreal Engine/My Projects/UE4Jam 4.18/Content/SpringDeathBattle/Blueprints/DestroyedMesh/BP-DestMesh_Fox.uasset" 315
"D:/Unreal Engine/My Projects/UE4Jam 4.18/Content/Texture/Character/Texture_doll_fox_01_Albedo.uasset" 316
"D:/Unreal Engine/My Projects/UE4Jam 4.18/Content/Texture/Character/Texture_doll_fox_01_RMA.uasset" 317
"D:/Unreal Engine/My Projects/UE4Jam 4.18/Content/Material/Character/Mat_Fox.uasset" 318
"D:/Unreal Engine/My Projects/UE4Jam 4.18/Content/SpringDeathBattle/NewFolder/Anim_doll_fox_1.uasset" 319
"D:/Unreal Engine/My Projects/UE4Jam 4.18/Content/SpringDeathBattle/Blueprints/SpringBattleFox.uasset" 320
"D:/Unreal Engine/My Projects/UE4Jam 4.18/Content/SpringDeathBattle/Blueprints/DestroyedMesh/BP-DestMesh_Raindeer.uasset" 321
"D:/Unreal Engine/My Projects/UE4Jam 4.18/Content/SpringDeathBattle/NewFolder/Anim_doll_raindeer_1.uasset" 322
"D:/Unreal Engine/My Projects/UE4Jam 4.18/Content/SpringDeathBattle/Blueprints/SpringBattleRaindeer.uasset" 323
"D:/Unreal Engine/My Projects/UE4Jam 4.18/Content/SpringDeathBattle/Images/Bear_M.uasset" 324
"D:/Unreal Engine/My Projects/UE4Jam 4.18/Content/SpringDeathBattle/Images/Bird_M.uasset" 325
"D:/Unreal Engine/My Projects/UE4Jam 4.18/Content/SpringDeathBattle/Images/Bunny_M.uasset" 326
"D:/Unreal Engine/My Projects/UE4Jam 4.18/Content/SpringDeathBattle/Images/Cat_M.uasset" 327
"D:/Unreal Engine/My Projects/UE4Jam 4.18/Content/SpringDeathBattle/Images/Cow_M.uasset" 328
"D:/Unreal Engine/My Projects/UE4Jam 4.18/Content/SpringDeathBattle/Images/Dog_M.uasset" 329
"D:/Unreal Engine/My Projects/UE4Jam 4.18/Content/SpringDeathBattle/Images/Duck_M.uasset" 330
"D:/Unreal Engine/My Projects/UE4Jam 4.18/Content/SpringDeathBattle/Images/Fox_M.uasset" 331
"D:/Unreal Engine/My Projects/UE4Jam 4.18/Content/SpringDeathBattle/Images/Menu_Image.uasset" 332
"D:/Unreal Engine/My Projects/UE4Jam 4.18/Content/SpringDeathBattle/Images/Raindeer_M.uasset" 333
"D:/Unreal Engine/My Projects/UE4Jam 4.18/Content/SpringDeathBattle/Images/Rat_M.uasset" 334
"D:/Unreal Engine/My Projects/UE4Jam 4.18/Content/SpringDeathBattle/MainMenu/Widgets/Customization.uasset" 335
"D:/Unreal Engine/My Projects/UE4Jam 4.18/Content/SpringDeathBattle/MainMenu/Widgets/Widg_Credits.uasset" 336
"D:/Unreal Engine/My Projects/UE4Jam 4.18/Content/SpringDeathBattle/MainMenu/Widgets/Widg_JoinButton.uasset" 337
"D:/Unreal Engine/My Projects/UE4Jam 4.18/Content/SpringDeathBattle/MainMenu/Widgets/Widg_JoinServerList.uasset" 338
"D:/Unreal Engine/My Projects/UE4Jam 4.18/Content/SpringDeathBattle/Images/logo_01.uasset" 339
"D:/Unreal Engine/My Projects/UE4Jam 4.18/Content/SpringDeathBattle/MainMenu/Widgets/Widg_MainMenu.uasset" 340
"D:/Unreal Engine/My Projects/UE4Jam 4.18/Content/SpringDeathBattle/MainMenu/PC_MainMenu.uasset" 341
"D:/Unreal Engine/My Projects/UE4Jam 4.18/Content/SpringDeathBattle/MainMenu/GM_MainMenu.uasset" 342
"D:/Unreal Engine/My Projects/UE4Jam 4.18/Content/SpringDeathBattle/BGM/Spring_menu_v2_Cue.uasset" 343
"D:/Unreal Engine/My Projects/UE4Jam 4.18/Content/Maps/MainMenu.umap" 344
"D:/Unreal Engine/My Projects/UE4Jam 4.18/Content/Mesh/Butterfly/ButterFly_Skeleton.uasset" 345
"D:/Unreal Engine/My Projects/UE4Jam 4.18/Content/Mesh/Butterfly/BUtterfly_Flyanimation.uasset" 346
"../../../Engine/Content/EngineSky/C_Sky_Cloud_Color.uasset" 347
"../../../Engine/Content/EngineSky/C_Sky_Horizon_Color.uasset" 348
"../../../Engine/Content/EngineSky/C_Sky_Zenith_Color.uasset" 349
"../../../Engine/Content/EngineSky/T_Sky_Blue.uasset" 350
"../../../Engine/Content/EngineSky/T_Sky_Clouds_M.uasset" 351
"../../../Engine/Content/EngineSky/T_Sky_Stars.uasset" 352
"../../../Engine/Content/EngineSky/M_Sky_Panning_Clouds2.uasset" 353
"../../../Engine/Content/EngineSky/SM_SkySphere.uasset" 354
"../../../Engine/Content/EngineSky/BP_Sky_Sphere.uasset" 355
"D:/Unreal Engine/My Projects/UE4Jam 4.18/Content/Material/Mat_Grass.uasset" 356
"D:/Unreal Engine/My Projects/UE4Jam 4.18/Content/Mesh/Mesh_Grass1.uasset" 357
"D:/Unreal Engine/My Projects/UE4Jam 4.18/Content/Mesh/Foliage_Type/Mesh_Grass1_FoliageType.uasset" 358
"D:/Unreal Engine/My Projects/UE4Jam 4.18/Content/Mesh/Mesh_Grass2.uasset" 359
"D:/Unreal Engine/My Projects/UE4Jam 4.18/Content/Mesh/Foliage_Type/Mesh_Grass2_FoliageType.uasset" 360
"D:/Unreal Engine/My Projects/UE4Jam 4.18/Content/Mesh/Mesh_Grass3.uasset" 361
"D:/Unreal Engine/My Projects/UE4Jam 4.18/Content/Mesh/Foliage_Type/Mesh_Grass3_FoliageType.uasset" 362
"D:/Unreal Engine/My Projects/UE4Jam 4.18/Content/Mesh/Mesh_Grass4.uasset" 363
"D:/Unreal Engine/My Projects/UE4Jam 4.18/Content/Mesh/Foliage_Type/Mesh_Grass4_FoliageType.uasset" 364
"D:/Unreal Engine/My Projects/UE4Jam 4.18/Content/Maps/Platform_BuiltData.uasset" 365
"D:/Unreal Engine/My Projects/UE4Jam 4.18/Content/Material/Butterfly/Mat_Butterfly.uasset" 366
"D:/Unreal Engine/My Projects/UE4Jam 4.18/Content/Material/Butterfly/Mat_Butterfly_Wing1.uasset" 367
"D:/Unreal Engine/My Projects/UE4Jam 4.18/Content/Material/Butterfly/Mat_Butterfly_Wing2.uasset" 368
"D:/Unreal Engine/My Projects/UE4Jam 4.18/Content/Material/Butterfly/Mat_Butterfly_Wing3.uasset" 369
"D:/Unreal Engine/My Projects/UE4Jam 4.18/Content/Material/Butterfly/Mat_Butterfly_Wing4.uasset" 370
"D:/Unreal Engine/My Projects/UE4Jam 4.18/Content/Material/Butterfly/Mat_Butterfly_Wing5.uasset" 371
"D:/Unreal Engine/My Projects/UE4Jam 4.18/Content/Material/Butterfly/Mat_Butterfly_Wing6.uasset" 372
"../../../Engine/Content/Functions/Engine_MaterialFunctions02/Utility/BreakOutFloat3Components.uasset" 373
"D:/Unreal Engine/My Projects/UE4Jam 4.18/Content/StarterContent/Textures/T_Fire_Tiled_D.uasset" 374
"D:/Unreal Engine/My Projects/UE4Jam 4.18/Content/StarterContent/Textures/T_Rock_Basalt_D.uasset" 375
"D:/Unreal Engine/My Projects/UE4Jam 4.18/Content/StarterContent/Textures/T_Rock_Basalt_N.uasset" 376
"D:/Unreal Engine/My Projects/UE4Jam 4.18/Content/Material/M_LavaNew.uasset" 377
"D:/Unreal Engine/My Projects/UE4Jam 4.18/Content/Material/M_LavaNew_Inst.uasset" 378
"D:/Unreal Engine/My Projects/UE4Jam 4.18/Content/Texture/Texture_Edge_Albedo.uasset" 379
"D:/Unreal Engine/My Projects/UE4Jam 4.18/Content/Texture/Texture_Edge_RMA.uasset" 380
"D:/Unreal Engine/My Projects/UE4Jam 4.18/Content/Material/Mat_Top.uasset" 381
"D:/Unreal Engine/My Projects/UE4Jam 4.18/Content/Material/Butterfly/Mat_Butterfly_Body.uasset" 382
"D:/Unreal Engine/My Projects/UE4Jam 4.18/Content/Mesh/Butterfly/ButterFly_PhysicsAsset.uasset" 383
"D:/Unreal Engine/My Projects/UE4Jam 4.18/Content/Mesh/Butterfly/ButterFly.uasset" 384
"D:/Unreal Engine/My Projects/UE4Jam 4.18/Content/Texture/Texture_Chain_Albedo.uasset" 385
"D:/Unreal Engine/My Projects/UE4Jam 4.18/Content/Texture/Texture_Chain_RMA.uasset" 386
"D:/Unreal Engine/My Projects/UE4Jam 4.18/Content/Material/Mat_Chain.uasset" 387
"D:/Unreal Engine/My Projects/UE4Jam 4.18/Content/Mesh/Mesh_Chain.uasset" 388
"D:/Unreal Engine/My Projects/UE4Jam 4.18/Content/Mesh/Mesh_ChainWall.uasset" 389
"D:/Unreal Engine/My Projects/UE4Jam 4.18/Content/Texture/Texture_Crate_Albedo.uasset" 390
"D:/Unreal Engine/My Projects/UE4Jam 4.18/Content/Texture/Texture_Crate_RMA.uasset" 391
"D:/Unreal Engine/My Projects/UE4Jam 4.18/Content/Material/Mat_Crate.uasset" 392
"D:/Unreal Engine/My Projects/UE4Jam 4.18/Content/Mesh/Mesh_Crate.uasset" 393
"D:/Unreal Engine/My Projects/UE4Jam 4.18/Content/Material/Mat_Edge.uasset" 394
"D:/Unreal Engine/My Projects/UE4Jam 4.18/Content/Mesh/Mesh_Edge.uasset" 395
"D:/Unreal Engine/My Projects/UE4Jam 4.18/Content/Texture/Texture_EdgeBrick_Albedo.uasset" 396
"D:/Unreal Engine/My Projects/UE4Jam 4.18/Content/Texture/Texture_EdgeBrick_RMA.uasset" 397
"D:/Unreal Engine/My Projects/UE4Jam 4.18/Content/Material/Mat_EdgeBrick.uasset" 398
"D:/Unreal Engine/My Projects/UE4Jam 4.18/Content/Mesh/Mesh_EdgeBrick.uasset" 399
"D:/Unreal Engine/My Projects/UE4Jam 4.18/Content/Mesh/Mesh_EdgeCorner.uasset" 400
"D:/Unreal Engine/My Projects/UE4Jam 4.18/Content/Material/Mat_WaterLerp.uasset" 401
"D:/Unreal Engine/My Projects/UE4Jam 4.18/Content/Material/Mat_Floor.uasset" 402
"D:/Unreal Engine/My Projects/UE4Jam 4.18/Content/Mesh/Mesh_Floor.uasset" 403
"D:/Unreal Engine/My Projects/UE4Jam 4.18/Content/Material/Mat_Statue.uasset" 404
"D:/Unreal Engine/My Projects/UE4Jam 4.18/Content/Material/Mat_Statue2.uasset" 405
"D:/Unreal Engine/My Projects/UE4Jam 4.18/Content/Mesh/Mesh_Head_doll_bunny.uasset" 406
"D:/Unreal Engine/My Projects/UE4Jam 4.18/Content/Mesh/Mesh_Head_doll_cat.uasset" 407
"D:/Unreal Engine/My Projects/UE4Jam 4.18/Content/Mesh/Mesh_Head_doll_cow.uasset" 408
"D:/Unreal Engine/My Projects/UE4Jam 4.18/Content/Mesh/Mesh_Head_doll_dog.uasset" 409
"D:/Unreal Engine/My Projects/UE4Jam 4.18/Content/Mesh/Mesh_Head_doll_mouse.uasset" 410
"../../../Engine/Content/Functions/Engine_MaterialFunctions02/Utility/MakeFloat2.uasset" 411
"../../../Engine/Content/Functions/Engine_MaterialFunctions02/Utility/MakeFloat3.uasset" 412
"D:/Unreal Engine/My Projects/UE4Jam 4.18/Content/Material/M_MathLava.uasset" 413
"D:/Unreal Engine/My Projects/UE4Jam 4.18/Content/Material/M_MathLava_Inst.uasset" 414
"D:/Unreal Engine/My Projects/UE4Jam 4.18/Content/Mesh/Mesh_Lava.uasset" 415
"D:/Unreal Engine/My Projects/UE4Jam 4.18/Content/Texture/Texture_MidStage_Albedo.uasset" 416
"D:/Unreal Engine/My Projects/UE4Jam 4.18/Content/Texture/Texture_MidStage_RMA.uasset" 417
"D:/Unreal Engine/My Projects/UE4Jam 4.18/Content/Material/Mat_MidStage.uasset" 418
"D:/Unreal Engine/My Projects/UE4Jam 4.18/Content/Mesh/Mesh_Midstage.uasset" 419
"D:/Unreal Engine/My Projects/UE4Jam 4.18/Content/Texture/Texture_PillarEnd_Albedo.uasset" 420
"D:/Unreal Engine/My Projects/UE4Jam 4.18/Content/Texture/Texture_PillarEnd_RMA.uasset" 421
"D:/Unreal Engine/My Projects/UE4Jam 4.18/Content/Material/Mat_PillarEnd.uasset" 422
"D:/Unreal Engine/My Projects/UE4Jam 4.18/Content/Mesh/Mesh_PillarEnd.uasset" 423
"D:/Unreal Engine/My Projects/UE4Jam 4.18/Content/Texture/Texture_PillarMid_Albedo.uasset" 424
"D:/Unreal Engine/My Projects/UE4Jam 4.18/Content/Texture/Texture_PillarMid_RMA.uasset" 425
"D:/Unreal Engine/My Projects/UE4Jam 4.18/Content/Material/Mat_PillarMid.uasset" 426
"D:/Unreal Engine/My Projects/UE4Jam 4.18/Content/Mesh/Mesh_PillarMid.uasset" 427
"D:/Unreal Engine/My Projects/UE4Jam 4.18/Content/SpringDeathBattle/BGM/Spring_v2_Cue.uasset" 428
"D:/Unreal Engine/My Projects/UE4Jam 4.18/Content/Maps/Platform.umap" 429
